<?xml version="1.0" encoding="UTF-8"?>
<!-- Generated by org.testng.reporters.JUnitReportReporter -->
<testsuite hostname="Sasidharans-MacBook-Pro.local" failures="0" tests="1" name="testBase.TestBase" time="0.010" errors="0" timestamp="2024-05-26T07:07:19 IST" skipped="0">
  <testcase classname="testBase.TestBase" name="main" time="0.010"/>
</testsuite> <!-- testBase.TestBase -->
