<?xml version="1.0" encoding="UTF-8"?>
<!-- Generated by org.testng.reporters.JUnitReportReporter -->
<testsuite hostname="Sasidharans-MacBook-Pro.local" failures="0" tests="1" name="testCases.Tc_001_Order_costliest_rainjacket" time="60.354" errors="0" timestamp="2024-06-04T13:12:35 IST" skipped="0">
  <testcase classname="testCases.Tc_001_Order_costliest_rainjacket" name="searchProduct" time="60.354"/>
</testsuite> <!-- testCases.Tc_001_Order_costliest_rainjacket -->
